[Licensing::Module] Trying to connect to existing licensing client channel...
[Licensing::IpcConnector] Successfully connected to the License Client on channel: "LicenseClient-bengi" at "2025-01-23T18:33:41.7473071Z"
[Licensing::Client] Error: Code 10 while verifying Licensing Client signature (process Id: 6380, path: "D:/Program Files/Unity Hub/UnityLicensingClient_V1/Unity.Licensing.Client.exe")
[Licensing::Module] Error: LicensingClient has failed validation; ignoring
[Licensing::Client] Handshaking with LicensingClient:
  Version:                 1.16.0+1c867a9
  Session Id:              06cb11625fb4408d98e24d630731ab71
  Correlation Id:          6f6d88b19c27b4bb2246f9b1c12c3c99
  External correlation Id: 7268217472291278152
  Machine Id:              msWLVfiaFZWDyGq/zfBZi32KhyQ=
[Licensing::Module] Successfully connected to LicensingClient on channel: "LicenseClient-bengi" (connect: 0.00s, validation: 0.01s, handshake: 0.03s)
[Licensing::IpcConnector] Successfully connected to the License Notification on channel: "LicenseClient-bengi-notifications" at "2025-01-23T18:33:41.7922563Z"
[Licensing::Module] Error: Access token is unavailable; failed to update
[Licensing::Client] Successfully updated license
Built from '6000.0/staging' branch; Version is '6000.0.31f1 (a206c360e2a8) revision 10618563'; Using compiler version '193933523'; Build Type 'Release'
OS: 'Windows 11  (10.0.22631) 64bit Professional' Language: 'en' Physical Memory: 32673 MB
[Licensing::Client] Successfully resolved entitlement details
[Licensing::Module] Serial number assigned to: "F4-AMU4-YNKE-2QF7-X5E9-XXXX"
[Licensing::Module] Serial number assigned to: "4511771-UnityPersXXXX"
BatchMode: 0, IsHumanControllingUs: 1, StartBugReporterOnCrash: 1, Is64bit: 1, IsPro: 0
[Licensing::Client] Successfully resolved entitlement details
[Licensing::Module] Serial number assigned to: "F4-AMU4-YNKE-2QF7-X5E9-XXXX"
[Licensing::Module] Serial number assigned to: "4511771-UnityPersXXXX"

COMMAND LINE ARGUMENTS:
E:\Unity\Hub\Editor\6000.0.31f1\Editor\Unity.exe
-editor-mode
com.unity.mppm.clone
-no-cloud-project-bind-popup
-noLaunchScreen
-library-redirect
../..
-readonly
-noUpm
-upmRestorePackages
-name
Player 2
-projectPath
E:\UnityProjects\Hide and Seek Multiplayer game\Library\VP\mppm26f55089
--virtual-project-clone
-forgetProjectPath
-library-redirect
../..
-readonly
-DisableDirectoryMonitor
-noUpm
-upmRestorePackages
-noMainWindow
-suppressDefaultMenuEntries
-logFile
E:\UnityProjects\Hide and Seek Multiplayer game\Library\VP\mppm26f55089\Logs\Editor.log
-vp-channel-name=vp-channel
-ump-channel-service-port
51515
-mainProcessId=23484
-vpId=mppm26f55089
-buildTarget
StandaloneWindows64
-standaloneBuildSubtarget
Player
Successfully changed project path to: E:\UnityProjects\Hide and Seek Multiplayer game\Library\VP\mppm26f55089
E:/UnityProjects/Hide and Seek Multiplayer game/Library/VP/mppm26f55089
[UnityMemory] Configuration Parameters - Can be set up in boot.config
    "memorysetup-bucket-allocator-granularity=16"
    "memorysetup-bucket-allocator-bucket-count=8"
    "memorysetup-bucket-allocator-block-size=33554432"
    "memorysetup-bucket-allocator-block-count=8"
    "memorysetup-main-allocator-block-size=16777216"
    "memorysetup-thread-allocator-block-size=16777216"
    "memorysetup-gfx-main-allocator-block-size=16777216"
    "memorysetup-gfx-thread-allocator-block-size=16777216"
    "memorysetup-cache-allocator-block-size=4194304"
    "memorysetup-typetree-allocator-block-size=2097152"
    "memorysetup-profiler-bucket-allocator-granularity=16"
    "memorysetup-profiler-bucket-allocator-bucket-count=8"
    "memorysetup-profiler-bucket-allocator-block-size=33554432"
    "memorysetup-profiler-bucket-allocator-block-count=8"
    "memorysetup-profiler-allocator-block-size=16777216"
    "memorysetup-profiler-editor-allocator-block-size=1048576"
    "memorysetup-temp-allocator-size-main=16777216"
    "memorysetup-job-temp-allocator-block-size=2097152"
    "memorysetup-job-temp-allocator-block-size-background=1048576"
    "memorysetup-job-temp-allocator-reduction-small-platforms=262144"
    "memorysetup-allocator-temp-initial-block-size-main=262144"
    "memorysetup-allocator-temp-initial-block-size-worker=262144"
    "memorysetup-temp-allocator-size-background-worker=32768"
    "memorysetup-temp-allocator-size-job-worker=262144"
    "memorysetup-temp-allocator-size-preload-manager=33554432"
    "memorysetup-temp-allocator-size-nav-mesh-worker=65536"
    "memorysetup-temp-allocator-size-audio-worker=65536"
    "memorysetup-temp-allocator-size-cloud-worker=32768"
    "memorysetup-temp-allocator-size-gi-baking-worker=262144"
    "memorysetup-temp-allocator-size-gi-baking-worker=262144"
    "memorysetup-temp-allocator-size-gi-baking-worker=262144"
    "memorysetup-temp-allocator-size-gi-baking-worker=262144"
    "memorysetup-temp-allocator-size-gi-baking-worker=262144"
    "memorysetup-temp-allocator-size-gfx=262144"
Player connection [8972]  Target information:

Player connection [8972]  * "[IP] 192.168.0.53 [Port] 55505 [Flags] 2 [Guid] 81564276 [EditorId] 81564276 [Version] 1048832 [Id] WindowsEditor(7,BenjaminsPC) [Debug] 1 [PackageName] WindowsEditor [ProjectName] Editor" 

Player connection [8972] Host joined multi-casting on [225.0.0.222:54997]...
Player connection [8972] Host joined alternative multi-casting on [225.0.0.222:34997]...
[Physics::Module] Initialized fallback backend.
[Physics::Module] Id: 0xdecafbad
Library Redirect Path: ../../
[Package Manager] Restoring resolved packages state from cache
[Licensing::Client] Successfully resolved entitlement details
[Package Manager] Registered 76 packages:
  Packages from [https://packages.unity.com]:
    com.unity.collab-proxy@2.6.0 (location: E:\UnityProjects\Hide and Seek Multiplayer game\Library\PackageCache\com.unity.collab-proxy)
    com.unity.inputsystem@1.11.2 (location: E:\UnityProjects\Hide and Seek Multiplayer game\Library\PackageCache\com.unity.inputsystem)
    com.unity.multiplayer.playmode@1.3.3 (location: E:\UnityProjects\Hide and Seek Multiplayer game\Library\PackageCache\com.unity.multiplayer.playmode)
    com.unity.multiplayer.tools@2.2.3 (location: E:\UnityProjects\Hide and Seek Multiplayer game\Library\PackageCache\com.unity.multiplayer.tools)
    com.unity.netcode.gameobjects@2.2.0 (location: E:\UnityProjects\Hide and Seek Multiplayer game\Library\PackageCache\com.unity.netcode.gameobjects)
    com.unity.nuget.newtonsoft-json@3.2.1 (location: E:\UnityProjects\Hide and Seek Multiplayer game\Library\PackageCache\com.unity.nuget.newtonsoft-json)
    com.unity.timeline@1.8.7 (location: E:\UnityProjects\Hide and Seek Multiplayer game\Library\PackageCache\com.unity.timeline)
    com.unity.visualscripting@1.9.5 (location: E:\UnityProjects\Hide and Seek Multiplayer game\Library\PackageCache\com.unity.visualscripting)
    com.unity.transport@2.4.0 (location: E:\UnityProjects\Hide and Seek Multiplayer game\Library\PackageCache\com.unity.transport)
    com.unity.nuget.mono-cecil@1.11.4 (location: E:\UnityProjects\Hide and Seek Multiplayer game\Library\PackageCache\com.unity.nuget.mono-cecil)
    com.unity.burst@1.8.18 (location: E:\UnityProjects\Hide and Seek Multiplayer game\Library\PackageCache\com.unity.burst)
    com.unity.collections@2.5.1 (location: E:\UnityProjects\Hide and Seek Multiplayer game\Library\PackageCache\com.unity.collections)
    com.unity.mathematics@1.3.2 (location: E:\UnityProjects\Hide and Seek Multiplayer game\Library\PackageCache\com.unity.mathematics)
    com.unity.profiling.core@1.0.2 (location: E:\UnityProjects\Hide and Seek Multiplayer game\Library\PackageCache\com.unity.profiling.core)
    com.unity.learn.iet-framework@4.0.3 (location: E:\UnityProjects\Hide and Seek Multiplayer game\Library\PackageCache\com.unity.learn.iet-framework)
    com.unity.services.relay@1.0.5 (location: E:\UnityProjects\Hide and Seek Multiplayer game\Library\PackageCache\com.unity.services.relay)
    com.unity.ide.visualstudio@2.0.22 (location: E:\UnityProjects\Hide and Seek Multiplayer game\Library\PackageCache\com.unity.ide.visualstudio)
    com.unity.ide.rider@3.0.31 (location: E:\UnityProjects\Hide and Seek Multiplayer game\Library\PackageCache\com.unity.ide.rider)
    com.unity.editorcoroutines@1.0.0 (location: E:\UnityProjects\Hide and Seek Multiplayer game\Library\PackageCache\com.unity.editorcoroutines)
    com.unity.performance.profile-analyzer@1.2.2 (location: E:\UnityProjects\Hide and Seek Multiplayer game\Library\PackageCache\com.unity.performance.profile-analyzer)
    com.unity.test-framework@1.4.5 (location: E:\UnityProjects\Hide and Seek Multiplayer game\Library\PackageCache\com.unity.test-framework)
    com.unity.testtools.codecoverage@1.2.6 (location: E:\UnityProjects\Hide and Seek Multiplayer game\Library\PackageCache\com.unity.testtools.codecoverage)
    com.unity.searcher@4.9.2 (location: E:\UnityProjects\Hide and Seek Multiplayer game\Library\PackageCache\com.unity.searcher)
    com.unity.test-framework.performance@3.0.3 (location: E:\UnityProjects\Hide and Seek Multiplayer game\Library\PackageCache\com.unity.test-framework.performance)
    com.unity.services.qos@1.3.0 (location: E:\UnityProjects\Hide and Seek Multiplayer game\Library\PackageCache\com.unity.services.qos)
    com.unity.services.core@1.13.0 (location: E:\UnityProjects\Hide and Seek Multiplayer game\Library\PackageCache\com.unity.services.core)
    com.unity.services.authentication@3.3.3 (location: E:\UnityProjects\Hide and Seek Multiplayer game\Library\PackageCache\com.unity.services.authentication)
    com.unity.settings-manager@2.0.1 (location: E:\UnityProjects\Hide and Seek Multiplayer game\Library\PackageCache\com.unity.settings-manager)
    com.unity.ext.nunit@2.0.5 (location: E:\UnityProjects\Hide and Seek Multiplayer game\Library\PackageCache\com.unity.ext.nunit)
  Built-in packages:
    com.unity.feature.development@1.0.2 (location: E:\UnityProjects\Hide and Seek Multiplayer game\Library\PackageCache\com.unity.feature.development)
    com.unity.multiplayer.center@1.0.0 (location: E:\UnityProjects\Hide and Seek Multiplayer game\Library\PackageCache\com.unity.multiplayer.center)
    com.unity.render-pipelines.high-definition@17.0.3 (location: E:\UnityProjects\Hide and Seek Multiplayer game\Library\PackageCache\com.unity.render-pipelines.high-definition)
    com.unity.ugui@2.0.0 (location: E:\UnityProjects\Hide and Seek Multiplayer game\Library\PackageCache\com.unity.ugui)
    com.unity.modules.accessibility@1.0.0 (location: E:\UnityProjects\Hide and Seek Multiplayer game\Library\PackageCache\com.unity.modules.accessibility)
    com.unity.modules.ai@1.0.0 (location: E:\UnityProjects\Hide and Seek Multiplayer game\Library\PackageCache\com.unity.modules.ai)
    com.unity.modules.androidjni@1.0.0 (location: E:\UnityProjects\Hide and Seek Multiplayer game\Library\PackageCache\com.unity.modules.androidjni)
    com.unity.modules.animation@1.0.0 (location: E:\UnityProjects\Hide and Seek Multiplayer game\Library\PackageCache\com.unity.modules.animation)
    com.unity.modules.assetbundle@1.0.0 (location: E:\UnityProjects\Hide and Seek Multiplayer game\Library\PackageCache\com.unity.modules.assetbundle)
    com.unity.modules.audio@1.0.0 (location: E:\UnityProjects\Hide and Seek Multiplayer game\Library\PackageCache\com.unity.modules.audio)
    com.unity.modules.cloth@1.0.0 (location: E:\UnityProjects\Hide and Seek Multiplayer game\Library\PackageCache\com.unity.modules.cloth)
    com.unity.modules.director@1.0.0 (location: E:\UnityProjects\Hide and Seek Multiplayer game\Library\PackageCache\com.unity.modules.director)
    com.unity.modules.imageconversion@1.0.0 (location: E:\UnityProjects\Hide and Seek Multiplayer game\Library\PackageCache\com.unity.modules.imageconversion)
    com.unity.modules.imgui@1.0.0 (location: E:\UnityProjects\Hide and Seek Multiplayer game\Library\PackageCache\com.unity.modules.imgui)
    com.unity.modules.jsonserialize@1.0.0 (location: E:\UnityProjects\Hide and Seek Multiplayer game\Library\PackageCache\com.unity.modules.jsonserialize)
    com.unity.modules.particlesystem@1.0.0 (location: E:\UnityProjects\Hide and Seek Multiplayer game\Library\PackageCache\com.unity.modules.particlesystem)
    com.unity.modules.physics@1.0.0 (location: E:\UnityProjects\Hide and Seek Multiplayer game\Library\PackageCache\com.unity.modules.physics)
    com.unity.modules.physics2d@1.0.0 (location: E:\UnityProjects\Hide and Seek Multiplayer game\Library\PackageCache\com.unity.modules.physics2d)
    com.unity.modules.screencapture@1.0.0 (location: E:\UnityProjects\Hide and Seek Multiplayer game\Library\PackageCache\com.unity.modules.screencapture)
    com.unity.modules.terrain@1.0.0 (location: E:\UnityProjects\Hide and Seek Multiplayer game\Library\PackageCache\com.unity.modules.terrain)
    com.unity.modules.terrainphysics@1.0.0 (location: E:\UnityProjects\Hide and Seek Multiplayer game\Library\PackageCache\com.unity.modules.terrainphysics)
    com.unity.modules.tilemap@1.0.0 (location: E:\UnityProjects\Hide and Seek Multiplayer game\Library\PackageCache\com.unity.modules.tilemap)
    com.unity.modules.ui@1.0.0 (location: E:\UnityProjects\Hide and Seek Multiplayer game\Library\PackageCache\com.unity.modules.ui)
    com.unity.modules.uielements@1.0.0 (location: E:\UnityProjects\Hide and Seek Multiplayer game\Library\PackageCache\com.unity.modules.uielements)
    com.unity.modules.umbra@1.0.0 (location: E:\UnityProjects\Hide and Seek Multiplayer game\Library\PackageCache\com.unity.modules.umbra)
    com.unity.modules.unityanalytics@1.0.0 (location: E:\UnityProjects\Hide and Seek Multiplayer game\Library\PackageCache\com.unity.modules.unityanalytics)
    com.unity.modules.unitywebrequest@1.0.0 (location: E:\UnityProjects\Hide and Seek Multiplayer game\Library\PackageCache\com.unity.modules.unitywebrequest)
    com.unity.modules.unitywebrequestassetbundle@1.0.0 (location: E:\UnityProjects\Hide and Seek Multiplayer game\Library\PackageCache\com.unity.modules.unitywebrequestassetbundle)
    com.unity.modules.unitywebrequestaudio@1.0.0 (location: E:\UnityProjects\Hide and Seek Multiplayer game\Library\PackageCache\com.unity.modules.unitywebrequestaudio)
    com.unity.modules.unitywebrequesttexture@1.0.0 (location: E:\UnityProjects\Hide and Seek Multiplayer game\Library\PackageCache\com.unity.modules.unitywebrequesttexture)
    com.unity.modules.unitywebrequestwww@1.0.0 (location: E:\UnityProjects\Hide and Seek Multiplayer game\Library\PackageCache\com.unity.modules.unitywebrequestwww)
    com.unity.modules.vehicles@1.0.0 (location: E:\UnityProjects\Hide and Seek Multiplayer game\Library\PackageCache\com.unity.modules.vehicles)
    com.unity.modules.video@1.0.0 (location: E:\UnityProjects\Hide and Seek Multiplayer game\Library\PackageCache\com.unity.modules.video)
    com.unity.modules.vr@1.0.0 (location: E:\UnityProjects\Hide and Seek Multiplayer game\Library\PackageCache\com.unity.modules.vr)
    com.unity.modules.wind@1.0.0 (location: E:\UnityProjects\Hide and Seek Multiplayer game\Library\PackageCache\com.unity.modules.wind)
    com.unity.modules.xr@1.0.0 (location: E:\UnityProjects\Hide and Seek Multiplayer game\Library\PackageCache\com.unity.modules.xr)
    com.unity.modules.subsystems@1.0.0 (location: E:\UnityProjects\Hide and Seek Multiplayer game\Library\PackageCache\com.unity.modules.subsystems)
    com.unity.modules.hierarchycore@1.0.0 (location: E:\UnityProjects\Hide and Seek Multiplayer game\Library\PackageCache\com.unity.modules.hierarchycore)
    com.unity.render-pipelines.core@17.0.3 (location: E:\UnityProjects\Hide and Seek Multiplayer game\Library\PackageCache\com.unity.render-pipelines.core)
    com.unity.shadergraph@17.0.3 (location: E:\UnityProjects\Hide and Seek Multiplayer game\Library\PackageCache\com.unity.shadergraph)
    com.unity.visualeffectgraph@17.0.3 (location: E:\UnityProjects\Hide and Seek Multiplayer game\Library\PackageCache\com.unity.visualeffectgraph)
    com.unity.render-pipelines.high-definition-config@17.0.3 (location: E:\UnityProjects\Hide and Seek Multiplayer game\Library\PackageCache\com.unity.render-pipelines.high-definition-config)
    com.unity.rendering.light-transport@1.0.1 (location: E:\UnityProjects\Hide and Seek Multiplayer game\Library\PackageCache\com.unity.rendering.light-transport)
  Local packages:
    com.heathen.steamworksfoundation@file:C:\Users\bengi\Downloads\Toolkit-for-Steamworks-Foundation-main\Toolkit-for-Steamworks-Foundation-main\Unity\com.heathen.steamworksfoundation (location: C:\Users\bengi\Downloads\Toolkit-for-Steamworks-Foundation-main\Toolkit-for-Steamworks-Foundation-main\Unity\com.heathen.steamworksfoundation)
  Git packages:
    com.heathen.systemcore@https://github.com/heathen-engineering/SystemCore.git?path=/com.heathen.systemcore (location: E:\UnityProjects\Hide and Seek Multiplayer game\Library\PackageCache\com.heathen.systemcore)
    com.rlabrecque.steamworks.net@https://github.com/rlabrecque/Steamworks.NET.git?path=/com.rlabrecque.steamworks.net (location: E:\UnityProjects\Hide and Seek Multiplayer game\Library\PackageCache\com.rlabrecque.steamworks.net)
    com.unity.multiplayer.samples.coop@https://github.com/Unity-Technologies/com.unity.multiplayer.samples.coop.git?path=/Packages/com.unity.multiplayer.samples.coop#main (location: E:\UnityProjects\Hide and Seek Multiplayer game\Library\PackageCache\com.unity.multiplayer.samples.coop)
[Package Manager] com.unity.services.relay is deprecated: The Relay package is deprecated and will not receive further updates. The SDK is now part of the unified Multiplayer Services package (com.unity.services.multiplayer). Migrate to that package to access ongoing support and improvements..
[Physics::Module] Selected backend.
[Physics::Module] Name: PhysX
[Physics::Module] Id: 0xf2b8ea05
[Physics::Module] SDK Version: 4.1.2
[Physics::Module] Integration Version: 1.0.0
[Physics::Module] Threading Mode: Multi-Threaded
[Subsystems] No new subsystems found in resolved package list.
Package Manager log level set to [2]
[Package Manager] Done registering packages in 0.08 seconds
Targeting platform: StandaloneWindows64
Refreshing native plugins compatible for Editor in 3.59 ms, found 4 plugins.
Preloading 0 native plugins for Editor in 0.00 ms.
Initialize engine version: 6000.0.31f1 (a206c360e2a8)
[Subsystems] Discovering subsystems at path E:/Unity/Hub/Editor/6000.0.31f1/Editor/Data/Resources/UnitySubsystems
[Subsystems] Discovering subsystems at path E:/UnityProjects/Hide and Seek Multiplayer game/Library/VP/mppm26f55089/Assets
GfxDevice: creating device client; kGfxThreadingModeSplitJobs
Direct3D:
    Version:         Direct3D 12 [level 12.1]
    Renderer:        NVIDIA GeForce RTX 4070 SUPER (ID=0x2783)
    Vendor:          NVIDIA
    VRAM:            11999 MB
    App VRAM Budget: 11231 MB
    Driver:          32.0.15.6636
[Licensing::Client] Successfully resolved entitlement details
[Licensing::Module] Serial number assigned to: "F4-AMU4-YNKE-2QF7-X5E9-XXXX"
[Licensing::Module] Serial number assigned to: "4511771-UnityPersXXXX"
Initialize mono
Mono path[0] = 'E:/Unity/Hub/Editor/6000.0.31f1/Editor/Data/Managed'
Mono path[1] = 'E:/Unity/Hub/Editor/6000.0.31f1/Editor/Data/MonoBleedingEdge/lib/mono/unityjit-win32'
Mono config path = 'E:/Unity/Hub/Editor/6000.0.31f1/Editor/Data/MonoBleedingEdge/etc'
Using monoOptions --debugger-agent=transport=dt_socket,embedding=1,server=y,suspend=n,address=127.0.0.1:56644
Using cacheserver namespaces - metadata:defaultmetadata, artifacts:defaultartifacts
Using cacheserver namespaces - metadata:defaultmetadata, artifacts:defaultartifacts
ImportWorker Server TCP listen port: 0
AcceleratorClientConnectionCallback - disconnected - :0
Begin MonoManager ReloadAssembly
Registering precompiled unity dll's ...
Register platform support module: E:/Unity/Hub/Editor/6000.0.31f1/Editor/Data/PlaybackEngines/WindowsStandaloneSupport/UnityEditor.WindowsStandalone.Extensions.dll
Registered in 0.002008 seconds.
- Loaded All Assemblies, in  0.321 seconds
Native extension for WindowsStandalone target not found
Mono: successfully reloaded assembly
- Finished resetting the current domain, in  0.254 seconds
Domain Reload Profiling: 575ms
	BeginReloadAssembly (123ms)
		ExecutionOrderSort (0ms)
		DisableScriptedObjects (0ms)
		BackupInstance (0ms)
		ReleaseScriptingObjects (0ms)
		CreateAndSetChildDomain (1ms)
	RebuildCommonClasses (29ms)
	RebuildNativeTypeToScriptingClass (10ms)
	initialDomainReloadingComplete (38ms)
	LoadAllAssembliesAndSetupDomain (121ms)
		LoadAssemblies (122ms)
		RebuildTransferFunctionScriptingTraits (0ms)
		AnalyzeDomain (119ms)
			TypeCache.Refresh (117ms)
				TypeCache.ScanAssembly (106ms)
			BuildScriptInfoCaches (0ms)
			ResolveRequiredComponents (0ms)
	FinalizeReload (254ms)
		ReleaseScriptCaches (0ms)
		RebuildScriptCaches (0ms)
		SetupLoadedEditorAssemblies (226ms)
			LogAssemblyErrors (0ms)
			InitializePlatformSupportModulesInManaged (22ms)
			SetLoadedEditorAssemblies (3ms)
			BeforeProcessingInitializeOnLoad (40ms)
			ProcessInitializeOnLoadAttributes (113ms)
			ProcessInitializeOnLoadMethodAttributes (47ms)
			AfterProcessingInitializeOnLoad (0ms)
			EditorAssembliesLoaded (0ms)
		ExecutionOrderSort2 (0ms)
		AwakeInstancesAfterBackupRestoration (0ms)
[Licensing::Client] Successfully resolved entitlement details
[Licensing::Module] Serial number assigned to: "F4-AMU4-YNKE-2QF7-X5E9-XXXX"
[Licensing::Module] Serial number assigned to: "4511771-UnityPersXXXX"
Application.AssetDatabase Initial Refresh Start
Begin MonoManager ReloadAssembly
Symbol file LoadedFromMemory is not a mono symbol file
- Loaded All Assemblies, in  0.966 seconds
'Packages/com.unity.render-pipelines.high-definition/Editor/Wizard/HDWizard.UIElement.cs' contains partial class of Unity.Object, exactly 1 of the partial classes needs to be in a file with the same filename. This is to know the one that can be referenced from ie. GameObjects
'Packages/com.unity.render-pipelines.high-definition/Editor/Wizard/HDWizard.Configuration.cs' contains partial class of Unity.Object, exactly 1 of the partial classes needs to be in a file with the same filename. This is to know the one that can be referenced from ie. GameObjects
'Packages/com.unity.render-pipelines.high-definition/Editor/Wizard/HDWizard.Window.cs' contains partial class of Unity.Object, exactly 1 of the partial classes needs to be in a file with the same filename. This is to know the one that can be referenced from ie. GameObjects
Refreshing native plugins compatible for Editor in 2.72 ms, found 4 plugins.
Native extension for WindowsStandalone target not found
Refreshing native plugins compatible for Editor in 2.64 ms, found 4 plugins.
Mirror | mirror-networking.com | discord.gg/N9QVxbM
Mono: successfully reloaded assembly
- Finished resetting the current domain, in  2.807 seconds
Domain Reload Profiling: 3772ms
	BeginReloadAssembly (215ms)
		ExecutionOrderSort (0ms)
		DisableScriptedObjects (56ms)
		BackupInstance (0ms)
		ReleaseScriptingObjects (0ms)
		CreateAndSetChildDomain (28ms)
	RebuildCommonClasses (28ms)
	RebuildNativeTypeToScriptingClass (10ms)
	initialDomainReloadingComplete (34ms)
	LoadAllAssembliesAndSetupDomain (678ms)
		LoadAssemblies (391ms)
		RebuildTransferFunctionScriptingTraits (0ms)
		AnalyzeDomain (389ms)
			TypeCache.Refresh (257ms)
				TypeCache.ScanAssembly (240ms)
			BuildScriptInfoCaches (115ms)
			ResolveRequiredComponents (13ms)
	FinalizeReload (2808ms)
		ReleaseScriptCaches (0ms)
		RebuildScriptCaches (0ms)
		SetupLoadedEditorAssemblies (2655ms)
			LogAssemblyErrors (0ms)
			InitializePlatformSupportModulesInManaged (14ms)
			SetLoadedEditorAssemblies (5ms)
			BeforeProcessingInitializeOnLoad (182ms)
			ProcessInitializeOnLoadAttributes (1941ms)
			ProcessInitializeOnLoadMethodAttributes (511ms)
			AfterProcessingInitializeOnLoad (1ms)
			EditorAssembliesLoaded (0ms)
		ExecutionOrderSort2 (0ms)
		AwakeInstancesAfterBackupRestoration (7ms)
'Packages/com.unity.render-pipelines.high-definition/Editor/Wizard/HDWizard.UIElement.cs' contains partial class of Unity.Object, exactly 1 of the partial classes needs to be in a file with the same filename. This is to know the one that can be referenced from ie. GameObjects
'Packages/com.unity.render-pipelines.high-definition/Editor/Wizard/HDWizard.Configuration.cs' contains partial class of Unity.Object, exactly 1 of the partial classes needs to be in a file with the same filename. This is to know the one that can be referenced from ie. GameObjects
'Packages/com.unity.render-pipelines.high-definition/Editor/Wizard/HDWizard.Window.cs' contains partial class of Unity.Object, exactly 1 of the partial classes needs to be in a file with the same filename. This is to know the one that can be referenced from ie. GameObjects
Asset Pipeline Refresh (id=c0f4a6ce14ebc414993f2a713780ffcc): Total: 4.766 seconds - Initiated by InitialRefreshV2(ForceSynchronousImport)
	Summary:
		Imports: total=0 (actual=0, local cache=0, cache server=0)
		Asset DB Process Time: managed=0 ms, native=3679 ms
		Asset DB Callback time: managed=0 ms, native=0 ms
		Scripting: domain reloads=1, domain reload time=1084 ms, compile time=2 ms, other=0 ms
		Project Asset Count: scripts=2390, non-scripts=3677
		Asset File Changes: new=0, changed=0, moved=0, deleted=0
		Scan Filter Count: 1
	InvokeCustomDependenciesCallbacks: 0.001ms
	InvokePackagesCallback: 0.002ms
	ApplyChangesToAssetFolders: 0.245ms
	CategorizeAssets: 103.089ms
	ImportOutOfDateAssets: 2826.326ms (2819.066ms without children)
		CompileScripts: 1.513ms
		ReloadNativeAssets: 0.036ms
		UnloadImportedAssets: 2.477ms
		EnsureUptoDateAssetsAreRegisteredWithGuidPM: 1.491ms
		InitializingProgressBar: 0.000ms
		PostProcessAllAssetNotificationsAddChangedAssets: 0.000ms
		OnDemandSchedulerStart: 1.742ms
	Hotreload: 3.686ms
	GatherAllCurrentPrimaryArtifactRevisions: 0.001ms
	UnloadStreamsBegin: 0.391ms
	UnloadStreamsEnd: 0.001ms
	GenerateScriptTypeHashes: 5.346ms
	Untracked: 1832.201ms

Application.AssetDatabase Initial Refresh End
Scanning for USB devices : 13.910ms
Initializing Unity extensions:
